<?xml version="1.0" encoding="UTF-8"?>
<testng-results skipped="0" failed="0" total="1" passed="1">
  <reporter-output>
  </reporter-output>
  <suite name="com.testNew.MavenTest" duration-ms="13" started-at="2018-04-06T11:59:42Z" finished-at="2018-04-06T11:59:42Z">
    <groups>
    </groups>
    <test name="Command line test" duration-ms="13" started-at="2018-04-06T11:59:42Z" finished-at="2018-04-06T11:59:42Z">
      <class name="com.testNew.MavenTest">
        <test-method status="PASS" signature="test()[pri:0, instance:com.testNew.MavenTest@3d24753a]" name="test" duration-ms="5" started-at="2018-04-06T17:29:42Z" finished-at="2018-04-06T17:29:42Z">
          <reporter-output>
          </reporter-output>
        </test-method> <!-- test -->
      </class> <!-- com.testNew.MavenTest -->
    </test> <!-- Command line test -->
  </suite> <!-- com.testNew.MavenTest -->
</testng-results>
