<?xml version="1.0" encoding="UTF-8"?>
<testng-results skipped="0" failed="0" total="1" passed="1">
  <reporter-output>
  </reporter-output>
  <suite name="Default suite" duration-ms="19" started-at="2018-04-06T11:56:18Z" finished-at="2018-04-06T11:56:18Z">
    <groups>
    </groups>
    <test name="Default test" duration-ms="19" started-at="2018-04-06T11:56:18Z" finished-at="2018-04-06T11:56:18Z">
      <class name="com.testNew.MavenTest">
        <test-method status="PASS" signature="test()[pri:0, instance:com.testNew.MavenTest@1810399e]" name="test" duration-ms="7" started-at="2018-04-06T17:26:18Z" finished-at="2018-04-06T17:26:18Z">
          <reporter-output>
          </reporter-output>
        </test-method> <!-- test -->
      </class> <!-- com.testNew.MavenTest -->
    </test> <!-- Default test -->
  </suite> <!-- Default suite -->
</testng-results>
